<?xml version="1.0" encoding="UTF-8"?>
<testng-results ignored="0" total="1" passed="1" failed="0" skipped="0">
  <reporter-output>
  </reporter-output>
  <suite started-at="2025-05-30T19:15:19 IST" name="Test" finished-at="2025-05-30T19:18:17 IST" duration-ms="177524">
    <groups>
    </groups>
    <test started-at="2025-05-30T19:15:19 IST" name="Test" finished-at="2025-05-30T19:18:17 IST" duration-ms="177524">
      <class name="org.pom_TestCases.VerifyRegistrationOnly_Test">
        <test-method is-config="true" signature="initBrowser()[pri:0, instance:org.pom_TestCases.VerifyRegistrationOnly_Test@1e178745]" started-at="2025-05-30T19:15:20 IST" name="initBrowser" finished-at="2025-05-30T19:15:43 IST" duration-ms="23519" status="PASS">
          <reporter-output>
          </reporter-output>
        </test-method> <!-- initBrowser -->
        <test-method signature="verify_Opd_registration()[pri:1, instance:org.pom_TestCases.VerifyRegistrationOnly_Test@1e178745]" started-at="2025-05-30T19:15:43 IST" name="verify_Opd_registration" finished-at="2025-05-30T19:18:16 IST" duration-ms="152829" status="PASS">
          <reporter-output>
          </reporter-output>
        </test-method> <!-- verify_Opd_registration -->
        <test-method is-config="true" signature="closeBrowser()[pri:0, instance:org.pom_TestCases.VerifyRegistrationOnly_Test@1e178745]" started-at="2025-05-30T19:18:16 IST" name="closeBrowser" finished-at="2025-05-30T19:18:17 IST" duration-ms="700" status="PASS">
          <reporter-output>
          </reporter-output>
        </test-method> <!-- closeBrowser -->
      </class> <!-- org.pom_TestCases.VerifyRegistrationOnly_Test -->
    </test> <!-- Test -->
  </suite> <!-- Test -->
</testng-results>
